[DEPRECATED] Platform :mingw, :x64_mingw, :mswin will be removed in the future. Please use platform :windows instead.
Fetching gem metadata from https://rubygems.org/...........
Resolving dependencies...
Fetching rake 13.3.1
Installing rake 13.3.1
Fetching public_suffix 7.0.2
Fetching bigdecimal 4.0.1
Fetching colorator 1.1.0
Fetching concurrent-ruby 1.3.6
Installing public_suffix 7.0.2
Fetching eventmachine 1.2.7
Installing colorator 1.1.0
Fetching http_parser.rb 0.8.1
Installing bigdecimal 4.0.1 with native extensions
Installing concurrent-ruby 1.3.6
Installing eventmachine 1.2.7 with native extensions
Installing http_parser.rb 0.8.1 with native extensions
Fetching ffi 1.17.3 (x86_64-linux-gnu)
Installing ffi 1.17.3 (x86_64-linux-gnu)
Fetching forwardable-extended 2.6.0
Installing forwardable-extended 2.6.0
Fetching logger 1.7.0
Installing logger 1.7.0
Fetching rb-fsevent 0.11.2
Installing rb-fsevent 0.11.2
Fetching rexml 3.4.4
Installing rexml 3.4.4
Fetching liquid 4.0.4
Installing liquid 4.0.4
Fetching mercenary 0.4.0
Installing mercenary 0.4.0
Fetching rouge 4.7.0
Installing rouge 4.7.0
Fetching safe_yaml 1.0.5
Installing safe_yaml 1.0.5
Fetching unicode-display_width 2.6.0
Installing unicode-display_width 2.6.0
Fetching webrick 1.9.2
Installing webrick 1.9.2
Fetching jekyll-paginate 1.1.0
Installing jekyll-paginate 1.1.0
Fetching addressable 2.8.8
Installing addressable 2.8.8
Fetching i18n 1.14.8
Installing i18n 1.14.8
Fetching rb-inotify 0.11.1
Installing rb-inotify 0.11.1
Fetching pathutil 0.16.2
Installing pathutil 0.16.2
Fetching kramdown 2.5.2
Installing kramdown 2.5.2
Fetching terminal-table 3.0.2
Installing terminal-table 3.0.2
Fetching listen 3.10.0
Installing listen 3.10.0
Fetching kramdown-parser-gfm 1.1.0
Installing kramdown-parser-gfm 1.1.0
Fetching jekyll-watch 2.2.1
Installing jekyll-watch 2.2.1
Fetching google-protobuf 4.33.5 (x86_64-linux-gnu)
Installing google-protobuf 4.33.5 (x86_64-linux-gnu)
Fetching sass-embedded 1.97.3 (x86_64-linux-gnu)
Installing sass-embedded 1.97.3 (x86_64-linux-gnu)
Fetching jekyll-sass-converter 3.1.0
Installing jekyll-sass-converter 3.1.0
Fetching em-websocket 0.5.3
Installing em-websocket 0.5.3
Fetching jekyll 4.3.4
Installing jekyll 4.3.4
Fetching jekyll-feed 0.17.0
Fetching jekyll-sitemap 1.4.0
Fetching jekyll-seo-tag 2.8.0
Installing jekyll-feed 0.17.0
Installing jekyll-sitemap 1.4.0
Installing jekyll-seo-tag 2.8.0
Bundle complete! 10 Gemfile dependencies, 36 gems now installed.
Bundled gems are installed into `./vendor/bundle`
